<?xml version="1.0" encoding="UTF-8"?>
<!-- Generated by org.testng.reporters.JUnitReportReporter -->
<testsuite hostname="DESKTOP-OQCH81E" failures="0" tests="3" name="com.comcast.crm.contacttest.CreateContact_Org_SupDate_Test" time="63.296" errors="0" timestamp="2024-11-11T10:16:42 IST" skipped="0">
  <testcase classname="com.comcast.crm.contacttest.CreateContact_Org_SupDate_Test" name="createContactWithOrgTest" time="31.053"/>
  <system-out>
    <![CDATA[====>createContactWithOrgTest<=======START=====
====>createContactWithOrgTest<=======END=====]]>
  </system-out>
  <testcase classname="com.comcast.crm.contacttest.CreateContact_Org_SupDate_Test" name="createContactTest" time="15.685"/>
  <system-out>
    <![CDATA[====>createContactTest<=======START=====
====>createContactTest<=======END=====]]>
  </system-out>
  <testcase classname="com.comcast.crm.contacttest.CreateContact_Org_SupDate_Test" name="createcontactwithsupportDateTest" time="16.558"/>
  <system-out>
    <![CDATA[====>createcontactwithsupportDateTest<=======START=====
====>createcontactwithsupportDateTest<=======END=====]]>
  </system-out>
</testsuite> <!-- com.comcast.crm.contacttest.CreateContact_Org_SupDate_Test -->
